2024-06-09 17:31:28.272 [main] INFO  c.zx.xiaohongshu.auth.XiaohongshuAuthApplication - Starting XiaohongshuAuthApplication using Java 17.0.11 with PID 29052 (C:\Users\0\Desktop\大学资料\专业课\小红书项目_springcloud\xiaohongshu_springcloud\xiaohongshu\xiaohongshu-auth\target\classes started by 0 in C:\Users\0\Desktop\大学资料\专业课\小红书项目_springcloud\xiaohongshu_springcloud\xiaohongshu)
2024-06-09 17:31:28.275 [main] INFO  c.zx.xiaohongshu.auth.XiaohongshuAuthApplication - The following 1 profile is active: "dev"
2024-06-09 17:31:29.270 [main] INFO  o.s.d.r.config.RepositoryConfigurationDelegate - Multiple Spring Data modules found, entering strict repository configuration mode
2024-06-09 17:31:29.275 [main] INFO  o.s.d.r.config.RepositoryConfigurationDelegate - Bootstrapping Spring Data Redis repositories in DEFAULT mode.
2024-06-09 17:31:29.332 [main] INFO  o.s.d.r.config.RepositoryConfigurationDelegate - Finished Spring Data repository scanning in 33 ms. Found 0 Redis repository interfaces.
2024-06-09 17:31:30.318 [main] INFO  o.s.boot.web.embedded.tomcat.TomcatWebServer - Tomcat initialized with port(s): 8080 (http)
2024-06-09 17:31:30.338 [main] INFO  org.apache.catalina.core.StandardService - Starting service [Tomcat]
2024-06-09 17:31:30.338 [main] INFO  org.apache.catalina.core.StandardEngine - Starting Servlet engine: [Apache Tomcat/10.1.5]
2024-06-09 17:31:30.470 [main] INFO  o.a.c.core.ContainerBase.[Tomcat].[localhost].[/] - Initializing Spring embedded WebApplicationContext
2024-06-09 17:31:30.471 [main] INFO  o.s.b.w.s.c.ServletWebServerApplicationContext - Root WebApplicationContext: initialization completed in 2149 ms
2024-06-09 17:31:31.555 [main] INFO  c.a.d.s.b.a.DruidDataSourceAutoConfigure - Init DruidDataSource
2024-06-09 17:31:31.951 [main] INFO  com.alibaba.druid.pool.DruidDataSource - {dataSource-1} inited
2024-06-09 17:31:32.465 [main] INFO  o.s.boot.web.embedded.tomcat.TomcatWebServer - Tomcat started on port(s): 8080 (http) with context path ''
2024-06-09 17:31:32.473 [main] INFO  c.zx.xiaohongshu.auth.XiaohongshuAuthApplication - Started XiaohongshuAuthApplication in 4.996 seconds (process running for 5.812)
2024-06-09 17:31:59.230 [http-nio-8080-exec-2] INFO  o.a.c.core.ContainerBase.[Tomcat].[localhost].[/] - Initializing Spring DispatcherServlet 'dispatcherServlet'
2024-06-09 17:31:59.230 [http-nio-8080-exec-2] INFO  org.springframework.web.servlet.DispatcherServlet - Initializing Servlet 'dispatcherServlet'
2024-06-09 17:31:59.231 [http-nio-8080-exec-2] INFO  org.springframework.web.servlet.DispatcherServlet - Completed initialization in 1 ms
2024-06-09 17:31:59.395 [http-nio-8080-exec-2] INFO  c.z.f.b.operationlog.aspect.ApiOperationLogAspect - ===========请求开始:[发送短信验证码]，入参:{"phone":"15918538045"},请求类:VerificationCodeController,请求方法:send==================
2024-06-09 17:31:59.800 [http-nio-8080-exec-2] INFO  c.z.x.a.service.impl.VerificationCodeServiceImpl - ==>手机号:15918538045,已发送验证码:【345816】
2024-06-09 17:31:59.801 [AuthExecutor-1] INFO  com.zx.xiaohongshu.auth.sms.AliyunSmsHelper - ==> 开始短信发送 ,phone:15918538045,signName:小红书短信测试服务-(zwh请zx喝奶茶),templateCode:SMS_154950909,templateParam:{"code":"345816"}
2024-06-09 17:31:59.811 [http-nio-8080-exec-2] INFO  c.z.f.b.operationlog.aspect.ApiOperationLogAspect - ===========请求结束:[发送短信验证码],耗时:435ms,出参:{"success":true,"message":null,"errorCode":null,"data":null}==============================
2024-06-09 17:32:00.482 [AuthExecutor-1] ERROR com.zx.xiaohongshu.auth.sms.AliyunSmsHelper - ==>短信发送错误：
com.aliyun.tea.TeaException: code: 400, AccessKeyId is mandatory for this action. request id: BD0B6E50-44A3-5D20-A234-88789FC1CEEA
	at com.aliyun.teaopenapi.Client.doRequest(Client.java:799)
	at com.aliyun.teaopenapi.Client.callApi(Client.java:1022)
	at com.aliyun.dysmsapi20170525.Client.sendSmsWithOptions(Client.java:1596)
	at com.zx.xiaohongshu.auth.sms.AliyunSmsHelper.sendMessage(AliyunSmsHelper.java:41)
	at com.zx.xiaohongshu.auth.service.impl.VerificationCodeServiceImpl.lambda$send$0(VerificationCodeServiceImpl.java:61)
	at java.base/java.util.concurrent.Executors$RunnableAdapter.call(Executors.java:539)
	at java.base/java.util.concurrent.FutureTask.run(FutureTask.java:264)
	at java.base/java.util.concurrent.ThreadPoolExecutor.runWorker(ThreadPoolExecutor.java:1136)
	at java.base/java.util.concurrent.ThreadPoolExecutor$Worker.run(ThreadPoolExecutor.java:635)
	at java.base/java.lang.Thread.run(Thread.java:842)
2024-06-09 17:32:09.911 [SpringApplicationShutdownHook] INFO  com.alibaba.druid.pool.DruidDataSource - {dataSource-1} closing ...
2024-06-09 17:32:09.918 [SpringApplicationShutdownHook] INFO  com.alibaba.druid.pool.DruidDataSource - {dataSource-1} closed
