2024-06-13 06:34:59.218 [main] INFO  c.zx.xiaohongshu.auth.XiaohongshuAuthApplication - Starting XiaohongshuAuthApplication using Java 17.0.11 with PID 24660 (C:\Users\0\Desktop\大学资料\专业课\小红书项目_springcloud\xiaohongshu\xiaohongshu-auth\target\classes started by 0 in C:\Users\0\Desktop\大学资料\专业课\小红书项目_springcloud\xiaohongshu)
2024-06-13 06:34:59.220 [main] INFO  c.zx.xiaohongshu.auth.XiaohongshuAuthApplication - The following 1 profile is active: "dev"
2024-06-13 06:34:59.868 [main] INFO  o.s.d.r.config.RepositoryConfigurationDelegate - Multiple Spring Data modules found, entering strict repository configuration mode
2024-06-13 06:34:59.871 [main] INFO  o.s.d.r.config.RepositoryConfigurationDelegate - Bootstrapping Spring Data Redis repositories in DEFAULT mode.
2024-06-13 06:34:59.899 [main] INFO  o.s.d.r.config.RepositoryConfigurationDelegate - Finished Spring Data repository scanning in 13 ms. Found 0 Redis repository interfaces.
2024-06-13 06:35:00.603 [main] INFO  o.s.boot.web.embedded.tomcat.TomcatWebServer - Tomcat initialized with port(s): 8080 (http)
2024-06-13 06:35:00.615 [main] INFO  org.apache.catalina.core.StandardService - Starting service [Tomcat]
2024-06-13 06:35:00.616 [main] INFO  org.apache.catalina.core.StandardEngine - Starting Servlet engine: [Apache Tomcat/10.1.5]
2024-06-13 06:35:00.704 [main] INFO  o.a.c.core.ContainerBase.[Tomcat].[localhost].[/] - Initializing Spring embedded WebApplicationContext
2024-06-13 06:35:00.704 [main] INFO  o.s.b.w.s.c.ServletWebServerApplicationContext - Root WebApplicationContext: initialization completed in 1449 ms
2024-06-13 06:35:01.416 [main] INFO  c.a.d.s.b.a.DruidDataSourceAutoConfigure - Init DruidDataSource
2024-06-13 06:35:01.651 [main] INFO  com.alibaba.druid.pool.DruidDataSource - {dataSource-1} inited
2024-06-13 06:35:01.982 [main] INFO  o.s.boot.web.embedded.tomcat.TomcatWebServer - Tomcat started on port(s): 8080 (http) with context path ''
2024-06-13 06:35:01.989 [main] INFO  c.zx.xiaohongshu.auth.XiaohongshuAuthApplication - Started XiaohongshuAuthApplication in 3.275 seconds (process running for 3.926)
2024-06-13 06:35:13.292 [http-nio-8080-exec-1] INFO  o.a.c.core.ContainerBase.[Tomcat].[localhost].[/] - Initializing Spring DispatcherServlet 'dispatcherServlet'
2024-06-13 06:35:13.292 [http-nio-8080-exec-1] INFO  org.springframework.web.servlet.DispatcherServlet - Initializing Servlet 'dispatcherServlet'
2024-06-13 06:35:13.293 [http-nio-8080-exec-1] INFO  org.springframework.web.servlet.DispatcherServlet - Completed initialization in 1 ms
2024-06-13 06:35:13.323 [http-nio-8080-exec-1] WARN  o.s.core.LocalVariableTableParameterNameDiscoverer - Using deprecated '-debug' fallback for parameter name resolution. Compile the affected code with '-parameters' instead or avoid its introspection: com.zx.xiaohongshu.auth.controller.TestController
2024-06-13 06:35:21.653 [SpringApplicationShutdownHook] INFO  com.alibaba.druid.pool.DruidDataSource - {dataSource-1} closing ...
2024-06-13 06:35:21.662 [SpringApplicationShutdownHook] INFO  com.alibaba.druid.pool.DruidDataSource - {dataSource-1} closed
2024-06-13 07:04:40.263 [main] INFO  c.zx.xiaohongshu.auth.XiaohongshuAuthApplication - Starting XiaohongshuAuthApplication using Java 17.0.11 with PID 5248 (C:\Users\0\Desktop\大学资料\专业课\小红书项目_springcloud\xiaohongshu\xiaohongshu-auth\target\classes started by 0 in C:\Users\0\Desktop\大学资料\专业课\小红书项目_springcloud\xiaohongshu)
2024-06-13 07:04:40.265 [main] INFO  c.zx.xiaohongshu.auth.XiaohongshuAuthApplication - The following 1 profile is active: "dev"
2024-06-13 07:04:40.838 [main] INFO  o.s.d.r.config.RepositoryConfigurationDelegate - Multiple Spring Data modules found, entering strict repository configuration mode
2024-06-13 07:04:40.840 [main] INFO  o.s.d.r.config.RepositoryConfigurationDelegate - Bootstrapping Spring Data Redis repositories in DEFAULT mode.
2024-06-13 07:04:40.864 [main] INFO  o.s.d.r.config.RepositoryConfigurationDelegate - Finished Spring Data repository scanning in 12 ms. Found 0 Redis repository interfaces.
2024-06-13 07:04:40.938 [main] WARN  org.mybatis.spring.mapper.ClassPathMapperScanner - No MyBatis mapper was found in '[com.zx.xiaohongshu.auth.domain.mapper]' package. Please check your configuration.
2024-06-13 07:04:41.428 [main] INFO  o.s.boot.web.embedded.tomcat.TomcatWebServer - Tomcat initialized with port(s): 8080 (http)
2024-06-13 07:04:41.440 [main] INFO  org.apache.catalina.core.StandardService - Starting service [Tomcat]
2024-06-13 07:04:41.441 [main] INFO  org.apache.catalina.core.StandardEngine - Starting Servlet engine: [Apache Tomcat/10.1.5]
2024-06-13 07:04:41.526 [main] INFO  o.a.c.core.ContainerBase.[Tomcat].[localhost].[/] - Initializing Spring embedded WebApplicationContext
2024-06-13 07:04:41.526 [main] INFO  o.s.b.w.s.c.ServletWebServerApplicationContext - Root WebApplicationContext: initialization completed in 1214 ms
2024-06-13 07:04:42.143 [main] INFO  c.a.d.s.b.a.DruidDataSourceAutoConfigure - Init DruidDataSource
2024-06-13 07:04:42.357 [main] INFO  com.alibaba.druid.pool.DruidDataSource - {dataSource-1} inited
2024-06-13 07:04:42.580 [main] INFO  o.s.boot.web.embedded.tomcat.TomcatWebServer - Tomcat started on port(s): 8080 (http) with context path ''
2024-06-13 07:04:42.586 [main] INFO  c.zx.xiaohongshu.auth.XiaohongshuAuthApplication - Started XiaohongshuAuthApplication in 2.862 seconds (process running for 3.346)
2024-06-13 07:04:56.685 [SpringApplicationShutdownHook] INFO  com.alibaba.druid.pool.DruidDataSource - {dataSource-1} closing ...
2024-06-13 07:04:56.690 [SpringApplicationShutdownHook] INFO  com.alibaba.druid.pool.DruidDataSource - {dataSource-1} closed
